<?xml version="1.0" encoding="UTF-8"?>
<testsuite xmlns:xsi="http://www.w3.org/2001/XMLSchema-instance" xsi:noNamespaceSchemaLocation="https://maven.apache.org/surefire/maven-surefire-plugin/xsd/surefire-test-report.xsd" name="com.starocto.dao.server.service.ServerTest" time="1.636" tests="1" errors="0" skipped="0" failures="0">
  <properties>
    <property name="gopherProxySet" value="false"/>
    <property name="awt.toolkit" value="sun.lwawt.macosx.LWCToolkit"/>
    <property name="file.encoding.pkg" value="sun.io"/>
    <property name="java.specification.version" value="1.8"/>
    <property name="sun.cpu.isalist" value=""/>
    <property name="sun.jnu.encoding" value="UTF-8"/>
    <property name="java.class.path" value="/Users/starocto-dir/git-starocto/dao-new/weibo-dao-2/starocto-dao/dao-server/target/test-classes:/Users/starocto-dir/git-starocto/dao-new/weibo-dao-2/starocto-dao/dao-server/target/classes:/Users/starocto-dir/git-starocto/dao-new/weibo-dao-2/starocto-dao/dao-api/target/dao-api.jar:/Users/fu2moxun/Desktop/it/tools/apache-maven-original/repository/org/projectlombok/lombok/1.16.18/lombok-1.16.18.jar:/Users/fu2moxun/Desktop/it/tools/apache-maven-original/repository/org/springframework/spring-beans/4.3.17.RELEASE/spring-beans-4.3.17.RELEASE.jar:/Users/fu2moxun/Desktop/it/tools/apache-maven-original/repository/org/springframework/spring-web/4.3.17.RELEASE/spring-web-4.3.17.RELEASE.jar:/Users/fu2moxun/Desktop/it/tools/apache-maven-original/repository/org/springframework/spring-aop/4.3.17.RELEASE/spring-aop-4.3.17.RELEASE.jar:/Users/fu2moxun/Desktop/it/tools/apache-maven-original/repository/org/springframework/spring-context/4.3.17.RELEASE/spring-context-4.3.17.RELEASE.jar:/Users/fu2moxun/Desktop/it/tools/apache-maven-original/repository/org/springframework/spring-expression/4.3.17.RELEASE/spring-expression-4.3.17.RELEASE.jar:/Users/fu2moxun/Desktop/it/tools/apache-maven-original/repository/org/springframework/spring-core/4.3.17.RELEASE/spring-core-4.3.17.RELEASE.jar:/Users/fu2moxun/Desktop/it/tools/apache-maven-original/repository/commons-logging/commons-logging/1.2/commons-logging-1.2.jar:/Users/fu2moxun/Desktop/it/tools/apache-maven-original/repository/org/springframework/spring-webmvc/4.3.17.RELEASE/spring-webmvc-4.3.17.RELEASE.jar:/Users/fu2moxun/Desktop/it/tools/apache-maven-original/repository/org/springframework/spring-test/4.3.17.RELEASE/spring-test-4.3.17.RELEASE.jar:/Users/fu2moxun/Desktop/it/tools/apache-maven-original/repository/org/springframework/spring-tx/4.3.17.RELEASE/spring-tx-4.3.17.RELEASE.jar:/Users/fu2moxun/Desktop/it/tools/apache-maven-original/repository/org/springframework/spring-context-support/4.3.17.RELEASE/spring-context-support-4.3.17.RELEASE.jar:/Users/starocto-dir/git-starocto/dao-new/weibo-dao-2/starocto-dao/dao-db/target/dao-db.jar:/Users/fu2moxun/Desktop/it/tools/apache-maven-original/repository/mysql/mysql-connector-java/8.0.12/mysql-connector-java-8.0.12.jar:/Users/fu2moxun/Desktop/it/tools/apache-maven-original/repository/com/google/protobuf/protobuf-java/2.6.0/protobuf-java-2.6.0.jar:/Users/fu2moxun/Desktop/it/tools/apache-maven-original/repository/org/mybatis/mybatis/3.4.6/mybatis-3.4.6.jar:/Users/fu2moxun/Desktop/it/tools/apache-maven-original/repository/org/mybatis/mybatis-spring/1.3.0/mybatis-spring-1.3.0.jar:/Users/fu2moxun/Desktop/it/tools/apache-maven-original/repository/org/apache/commons/commons-dbcp2/2.5.0/commons-dbcp2-2.5.0.jar:/Users/fu2moxun/Desktop/it/tools/apache-maven-original/repository/org/apache/commons/commons-pool2/2.6.0/commons-pool2-2.6.0.jar:/Users/fu2moxun/Desktop/it/tools/apache-maven-original/repository/org/springframework/spring-jdbc/5.1.1.RELEASE/spring-jdbc-5.1.1.RELEASE.jar:/Users/starocto-dir/git-starocto/dao-new/weibo-dao-2/starocto-dao/dao-common/target/dao-common.jar:/Users/fu2moxun/Desktop/it/tools/apache-maven-original/repository/com/google/guava/guava/18.0/guava-18.0.jar:/Users/fu2moxun/Desktop/it/tools/apache-maven-original/repository/junit/junit/4.12/junit-4.12.jar:/Users/fu2moxun/Desktop/it/tools/apache-maven-original/repository/org/hamcrest/hamcrest-core/1.3/hamcrest-core-1.3.jar:/Users/fu2moxun/Desktop/it/tools/apache-maven-original/repository/com/alibaba/fastjson/1.2.29/fastjson-1.2.29.jar:"/>
    <property name="java.vm.vendor" value="Oracle Corporation"/>
    <property name="sun.arch.data.model" value="64"/>
    <property name="java.vendor.url" value="http://java.oracle.com/"/>
    <property name="user.timezone" value=""/>
    <property name="java.vm.specification.version" value="1.8"/>
    <property name="os.name" value="Mac OS X"/>
    <property name="user.country" value="CN"/>
    <property name="sun.java.launcher" value="SUN_STANDARD"/>
    <property name="sun.boot.library.path" value="/Library/Java/JavaVirtualMachines/jdk1.8.0_171.jdk/Contents/Home/jre/lib"/>
    <property name="sun.java.command" value="/Users/starocto-dir/git-starocto/dao-new/weibo-dao-2/starocto-dao/dao-server/target/surefire/surefirebooter7003320736397634446.jar /Users/starocto-dir/git-starocto/dao-new/weibo-dao-2/starocto-dao/dao-server/target/surefire 2018-11-11T23-36-23_433-jvmRun1 surefire680971500192550042tmp surefire_0994929585437626986tmp"/>
    <property name="http.nonProxyHosts" value="local|*.local|169.254/16|*.169.254/16"/>
    <property name="surefire.test.class.path" value="/Users/starocto-dir/git-starocto/dao-new/weibo-dao-2/starocto-dao/dao-server/target/test-classes:/Users/starocto-dir/git-starocto/dao-new/weibo-dao-2/starocto-dao/dao-server/target/classes:/Users/starocto-dir/git-starocto/dao-new/weibo-dao-2/starocto-dao/dao-api/target/dao-api.jar:/Users/fu2moxun/Desktop/it/tools/apache-maven-original/repository/org/projectlombok/lombok/1.16.18/lombok-1.16.18.jar:/Users/fu2moxun/Desktop/it/tools/apache-maven-original/repository/org/springframework/spring-beans/4.3.17.RELEASE/spring-beans-4.3.17.RELEASE.jar:/Users/fu2moxun/Desktop/it/tools/apache-maven-original/repository/org/springframework/spring-web/4.3.17.RELEASE/spring-web-4.3.17.RELEASE.jar:/Users/fu2moxun/Desktop/it/tools/apache-maven-original/repository/org/springframework/spring-aop/4.3.17.RELEASE/spring-aop-4.3.17.RELEASE.jar:/Users/fu2moxun/Desktop/it/tools/apache-maven-original/repository/org/springframework/spring-context/4.3.17.RELEASE/spring-context-4.3.17.RELEASE.jar:/Users/fu2moxun/Desktop/it/tools/apache-maven-original/repository/org/springframework/spring-expression/4.3.17.RELEASE/spring-expression-4.3.17.RELEASE.jar:/Users/fu2moxun/Desktop/it/tools/apache-maven-original/repository/org/springframework/spring-core/4.3.17.RELEASE/spring-core-4.3.17.RELEASE.jar:/Users/fu2moxun/Desktop/it/tools/apache-maven-original/repository/commons-logging/commons-logging/1.2/commons-logging-1.2.jar:/Users/fu2moxun/Desktop/it/tools/apache-maven-original/repository/org/springframework/spring-webmvc/4.3.17.RELEASE/spring-webmvc-4.3.17.RELEASE.jar:/Users/fu2moxun/Desktop/it/tools/apache-maven-original/repository/org/springframework/spring-test/4.3.17.RELEASE/spring-test-4.3.17.RELEASE.jar:/Users/fu2moxun/Desktop/it/tools/apache-maven-original/repository/org/springframework/spring-tx/4.3.17.RELEASE/spring-tx-4.3.17.RELEASE.jar:/Users/fu2moxun/Desktop/it/tools/apache-maven-original/repository/org/springframework/spring-context-support/4.3.17.RELEASE/spring-context-support-4.3.17.RELEASE.jar:/Users/starocto-dir/git-starocto/dao-new/weibo-dao-2/starocto-dao/dao-db/target/dao-db.jar:/Users/fu2moxun/Desktop/it/tools/apache-maven-original/repository/mysql/mysql-connector-java/8.0.12/mysql-connector-java-8.0.12.jar:/Users/fu2moxun/Desktop/it/tools/apache-maven-original/repository/com/google/protobuf/protobuf-java/2.6.0/protobuf-java-2.6.0.jar:/Users/fu2moxun/Desktop/it/tools/apache-maven-original/repository/org/mybatis/mybatis/3.4.6/mybatis-3.4.6.jar:/Users/fu2moxun/Desktop/it/tools/apache-maven-original/repository/org/mybatis/mybatis-spring/1.3.0/mybatis-spring-1.3.0.jar:/Users/fu2moxun/Desktop/it/tools/apache-maven-original/repository/org/apache/commons/commons-dbcp2/2.5.0/commons-dbcp2-2.5.0.jar:/Users/fu2moxun/Desktop/it/tools/apache-maven-original/repository/org/apache/commons/commons-pool2/2.6.0/commons-pool2-2.6.0.jar:/Users/fu2moxun/Desktop/it/tools/apache-maven-original/repository/org/springframework/spring-jdbc/5.1.1.RELEASE/spring-jdbc-5.1.1.RELEASE.jar:/Users/starocto-dir/git-starocto/dao-new/weibo-dao-2/starocto-dao/dao-common/target/dao-common.jar:/Users/fu2moxun/Desktop/it/tools/apache-maven-original/repository/com/google/guava/guava/18.0/guava-18.0.jar:/Users/fu2moxun/Desktop/it/tools/apache-maven-original/repository/junit/junit/4.12/junit-4.12.jar:/Users/fu2moxun/Desktop/it/tools/apache-maven-original/repository/org/hamcrest/hamcrest-core/1.3/hamcrest-core-1.3.jar:/Users/fu2moxun/Desktop/it/tools/apache-maven-original/repository/com/alibaba/fastjson/1.2.29/fastjson-1.2.29.jar:"/>
    <property name="sun.cpu.endian" value="little"/>
    <property name="user.home" value="/Users/fu2moxun"/>
    <property name="user.language" value="zh"/>
    <property name="java.specification.vendor" value="Oracle Corporation"/>
    <property name="java.home" value="/Library/Java/JavaVirtualMachines/jdk1.8.0_171.jdk/Contents/Home/jre"/>
    <property name="basedir" value="/Users/starocto-dir/git-starocto/dao-new/weibo-dao-2/starocto-dao/dao-server"/>
    <property name="file.separator" value="/"/>
    <property name="line.separator" value="&#10;"/>
    <property name="java.vm.specification.vendor" value="Oracle Corporation"/>
    <property name="java.specification.name" value="Java Platform API Specification"/>
    <property name="java.awt.graphicsenv" value="sun.awt.CGraphicsEnvironment"/>
    <property name="surefire.real.class.path" value="/Users/starocto-dir/git-starocto/dao-new/weibo-dao-2/starocto-dao/dao-server/target/surefire/surefirebooter7003320736397634446.jar"/>
    <property name="sun.boot.class.path" value="/Library/Java/JavaVirtualMachines/jdk1.8.0_171.jdk/Contents/Home/jre/lib/resources.jar:/Library/Java/JavaVirtualMachines/jdk1.8.0_171.jdk/Contents/Home/jre/lib/rt.jar:/Library/Java/JavaVirtualMachines/jdk1.8.0_171.jdk/Contents/Home/jre/lib/sunrsasign.jar:/Library/Java/JavaVirtualMachines/jdk1.8.0_171.jdk/Contents/Home/jre/lib/jsse.jar:/Library/Java/JavaVirtualMachines/jdk1.8.0_171.jdk/Contents/Home/jre/lib/jce.jar:/Library/Java/JavaVirtualMachines/jdk1.8.0_171.jdk/Contents/Home/jre/lib/charsets.jar:/Library/Java/JavaVirtualMachines/jdk1.8.0_171.jdk/Contents/Home/jre/lib/jfr.jar:/Library/Java/JavaVirtualMachines/jdk1.8.0_171.jdk/Contents/Home/jre/classes"/>
    <property name="sun.management.compiler" value="HotSpot 64-Bit Tiered Compilers"/>
    <property name="ftp.nonProxyHosts" value="local|*.local|169.254/16|*.169.254/16"/>
    <property name="java.runtime.version" value="1.8.0_171-b11"/>
    <property name="user.name" value="fu2moxun"/>
    <property name="path.separator" value=":"/>
    <property name="os.version" value="10.13.6"/>
    <property name="java.endorsed.dirs" value="/Library/Java/JavaVirtualMachines/jdk1.8.0_171.jdk/Contents/Home/jre/lib/endorsed"/>
    <property name="java.runtime.name" value="Java(TM) SE Runtime Environment"/>
    <property name="file.encoding" value="UTF-8"/>
    <property name="java.vm.name" value="Java HotSpot(TM) 64-Bit Server VM"/>
    <property name="localRepository" value="/Users/fu2moxun/Desktop/it/tools/apache-maven-original/repository"/>
    <property name="java.vendor.url.bug" value="http://bugreport.sun.com/bugreport/"/>
    <property name="java.io.tmpdir" value="/var/folders/8v/vh49vx6j0k5_bmxzbg6y646c0000gp/T/"/>
    <property name="idea.version" value="2018.2.4"/>
    <property name="java.version" value="1.8.0_171"/>
    <property name="user.dir" value="/Users/starocto-dir/git-starocto/dao-new/weibo-dao-2/starocto-dao/dao-server"/>
    <property name="os.arch" value="x86_64"/>
    <property name="java.vm.specification.name" value="Java Virtual Machine Specification"/>
    <property name="java.awt.printerjob" value="sun.lwawt.macosx.CPrinterJob"/>
    <property name="sun.os.patch.level" value="unknown"/>
    <property name="java.library.path" value="/Users/fu2moxun/Library/Java/Extensions:/Library/Java/Extensions:/Network/Library/Java/Extensions:/System/Library/Java/Extensions:/usr/lib/java:."/>
    <property name="java.vm.info" value="mixed mode"/>
    <property name="java.vendor" value="Oracle Corporation"/>
    <property name="java.vm.version" value="25.171-b11"/>
    <property name="java.ext.dirs" value="/Users/fu2moxun/Library/Java/Extensions:/Library/Java/JavaVirtualMachines/jdk1.8.0_171.jdk/Contents/Home/jre/lib/ext:/Library/Java/Extensions:/Network/Library/Java/Extensions:/System/Library/Java/Extensions:/usr/lib/java"/>
    <property name="sun.io.unicode.encoding" value="UnicodeBig"/>
    <property name="java.class.version" value="52.0"/>
    <property name="socksNonProxyHosts" value="local|*.local|169.254/16|*.169.254/16"/>
  </properties>
  <testcase name="testQueryService" classname="com.starocto.dao.server.service.ServerTest" time="0.72"/>
</testsuite>